<?xml version="1.0" encoding="UTF-8"?>
<testng-results ignored="0" total="1" passed="0" failed="0" skipped="1">
  <reporter-output>
  </reporter-output>
  <suite started-at="2021-04-15T10:51:30 CEST" name="Default suite" finished-at="2021-04-15T10:51:37 CEST" duration-ms="7532">
    <groups>
    </groups>
    <test started-at="2021-04-15T10:51:30 CEST" name="Default test" finished-at="2021-04-15T10:51:37 CEST" duration-ms="7532">
      <class name="autotest.automate.webapp.influencer.testcases.ProductOrdering">
        <test-method is-config="true" signature="setUp()[pri:0, instance:autotest.automate.webapp.influencer.testcases.ProductOrdering@7ea9e1e2]" started-at="2021-04-15T10:51:30 CEST" name="setUp" finished-at="2021-04-15T10:51:37 CEST" duration-ms="7468" status="FAIL">
          <exception class="org.openqa.selenium.WebDriverException">
            <message>
              <![CDATA[unknown error: cannot find Chrome binary
Build info: version: '4.0.0-alpha-7', revision: 'de8579b6d5'
System info: host: 'MacBook-Pro-de-Ghislain.local', ip: '2a01:e0a:d2:c190:5067:1d62:300b:b910%en0', os.name: 'Mac OS X', os.arch: 'x86_64', os.version: '10.16', java.version: '15.0.2'
Driver info: driver.version: ChromeDriver
remote stacktrace: 0   chromedriver                        0x0000000100df4c29 chromedriver + 2464809
1   chromedriver                        0x000000010142f6f3 chromedriver + 8996595
2   chromedriver                        0x0000000100c39d56 chromedriver + 650582
3   chromedriver                        0x0000000100baf175 chromedriver + 82293
4   chromedriver                        0x0000000100bad430 chromedriver + 74800
5   chromedriver                        0x0000000100bdf326 chromedriver + 279334
6   chromedriver                        0x0000000100bdc3f3 chromedriver + 267251
7   chromedriver                        0x0000000100bb6230 chromedriver + 111152
8   chromedriver                        0x0000000100bb71a7 chromedriver + 115111
9   chromedriver                        0x0000000100dc7830 chromedriver + 2279472
10  chromedriver                        0x0000000100dd283a chromedriver + 2324538
11  chromedriver                        0x0000000100dd24a7 chromedriver + 2323623
12  chromedriver                        0x0000000100dae945 chromedriver + 2177349
13  chromedriver                        0x0000000100dd2d41 chromedriver + 2325825
14  chromedriver                        0x0000000100dbcbda chromedriver + 2235354
15  chromedriver                        0x0000000100de7c4a chromedriver + 2411594
16  chromedriver                        0x0000000100df9987 chromedriver + 2484615
17  libsystem_pthread.dylib             0x00007fff203f9950 _pthread_start + 224
18  libsystem_pthread.dylib             0x00007fff203f547b thread_start + 15
]]>
            </message>
            <full-stacktrace>
              <![CDATA[org.openqa.selenium.WebDriverException: unknown error: cannot find Chrome binary
Build info: version: '4.0.0-alpha-7', revision: 'de8579b6d5'
System info: host: 'MacBook-Pro-de-Ghislain.local', ip: '2a01:e0a:d2:c190:5067:1d62:300b:b910%en0', os.name: 'Mac OS X', os.arch: 'x86_64', os.version: '10.16', java.version: '15.0.2'
Driver info: driver.version: ChromeDriver
remote stacktrace: 0   chromedriver                        0x0000000100df4c29 chromedriver + 2464809
1   chromedriver                        0x000000010142f6f3 chromedriver + 8996595
2   chromedriver                        0x0000000100c39d56 chromedriver + 650582
3   chromedriver                        0x0000000100baf175 chromedriver + 82293
4   chromedriver                        0x0000000100bad430 chromedriver + 74800
5   chromedriver                        0x0000000100bdf326 chromedriver + 279334
6   chromedriver                        0x0000000100bdc3f3 chromedriver + 267251
7   chromedriver                        0x0000000100bb6230 chromedriver + 111152
8   chromedriver                        0x0000000100bb71a7 chromedriver + 115111
9   chromedriver                        0x0000000100dc7830 chromedriver + 2279472
10  chromedriver                        0x0000000100dd283a chromedriver + 2324538
11  chromedriver                        0x0000000100dd24a7 chromedriver + 2323623
12  chromedriver                        0x0000000100dae945 chromedriver + 2177349
13  chromedriver                        0x0000000100dd2d41 chromedriver + 2325825
14  chromedriver                        0x0000000100dbcbda chromedriver + 2235354
15  chromedriver                        0x0000000100de7c4a chromedriver + 2411594
16  chromedriver                        0x0000000100df9987 chromedriver + 2484615
17  libsystem_pthread.dylib             0x00007fff203f9950 _pthread_start + 224
18  libsystem_pthread.dylib             0x00007fff203f547b thread_start + 15

at java.base/jdk.internal.reflect.NativeConstructorAccessorImpl.newInstance0(Native Method)
at java.base/jdk.internal.reflect.NativeConstructorAccessorImpl.newInstance(NativeConstructorAccessorImpl.java:64)
at java.base/jdk.internal.reflect.DelegatingConstructorAccessorImpl.newInstance(DelegatingConstructorAccessorImpl.java:45)
at java.base/java.lang.reflect.Constructor.newInstanceWithCaller(Constructor.java:500)
at java.base/java.lang.reflect.Constructor.newInstance(Constructor.java:481)
at org.openqa.selenium.remote.W3CHandshakeResponse.lambda$errorHandler$0(W3CHandshakeResponse.java:62)
at org.openqa.selenium.remote.HandshakeResponse.lambda$getResponseFunction$0(HandshakeResponse.java:30)
at org.openqa.selenium.remote.ProtocolHandshake.lambda$createSession$1(ProtocolHandshake.java:126)
at java.base/java.util.stream.ReferencePipeline$3$1.accept(ReferencePipeline.java:195)
at java.base/java.util.Spliterators$ArraySpliterator.tryAdvance(Spliterators.java:958)
at java.base/java.util.stream.ReferencePipeline.forEachWithCancel(ReferencePipeline.java:127)
at java.base/java.util.stream.AbstractPipeline.copyIntoWithCancel(AbstractPipeline.java:502)
at java.base/java.util.stream.AbstractPipeline.copyInto(AbstractPipeline.java:488)
at java.base/java.util.stream.AbstractPipeline.wrapAndCopyInto(AbstractPipeline.java:474)
at java.base/java.util.stream.FindOps$FindOp.evaluateSequential(FindOps.java:150)
at java.base/java.util.stream.AbstractPipeline.evaluate(AbstractPipeline.java:234)
at java.base/java.util.stream.ReferencePipeline.findFirst(ReferencePipeline.java:543)
at org.openqa.selenium.remote.ProtocolHandshake.createSession(ProtocolHandshake.java:128)
at org.openqa.selenium.remote.ProtocolHandshake.createSession(ProtocolHandshake.java:75)
at org.openqa.selenium.remote.HttpCommandExecutor.execute(HttpCommandExecutor.java:139)
at org.openqa.selenium.remote.service.DriverCommandExecutor.execute(DriverCommandExecutor.java:123)
at org.openqa.selenium.remote.RemoteWebDriver.execute(RemoteWebDriver.java:501)
at org.openqa.selenium.remote.RemoteWebDriver.startSession(RemoteWebDriver.java:207)
at org.openqa.selenium.remote.RemoteWebDriver.<init>(RemoteWebDriver.java:127)
at org.openqa.selenium.chromium.ChromiumDriver.<init>(ChromiumDriver.java:93)
at org.openqa.selenium.chrome.ChromeDriver.<init>(ChromeDriver.java:163)
at org.openqa.selenium.chrome.ChromeDriver.<init>(ChromeDriver.java:150)
at org.openqa.selenium.chrome.ChromeDriver.<init>(ChromeDriver.java:105)
at autotest.automate.BaseTest.loadWebBrowser(BaseTest.java:130)
at autotest.automate.PomInfluencer.setUp(PomInfluencer.java:34)
at java.base/jdk.internal.reflect.NativeMethodAccessorImpl.invoke0(Native Method)
at java.base/jdk.internal.reflect.NativeMethodAccessorImpl.invoke(NativeMethodAccessorImpl.java:64)
at java.base/jdk.internal.reflect.DelegatingMethodAccessorImpl.invoke(DelegatingMethodAccessorImpl.java:43)
at java.base/java.lang.reflect.Method.invoke(Method.java:564)
at org.testng.internal.MethodInvocationHelper.invokeMethod(MethodInvocationHelper.java:134)
at org.testng.internal.MethodInvocationHelper.invokeMethodConsideringTimeout(MethodInvocationHelper.java:63)
at org.testng.internal.ConfigInvoker.invokeConfigurationMethod(ConfigInvoker.java:348)
at org.testng.internal.ConfigInvoker.invokeConfigurations(ConfigInvoker.java:302)
at org.testng.internal.TestInvoker.runConfigMethods(TestInvoker.java:695)
at org.testng.internal.TestInvoker.invokeMethod(TestInvoker.java:523)
at org.testng.internal.TestInvoker.invokeTestMethod(TestInvoker.java:173)
at org.testng.internal.MethodRunner.runInSequence(MethodRunner.java:46)
at org.testng.internal.TestInvoker$MethodInvocationAgent.invoke(TestInvoker.java:816)
at org.testng.internal.TestInvoker.invokeTestMethods(TestInvoker.java:146)
at org.testng.internal.TestMethodWorker.invokeTestMethods(TestMethodWorker.java:146)
at org.testng.internal.TestMethodWorker.run(TestMethodWorker.java:128)
at java.base/java.util.ArrayList.forEach(ArrayList.java:1511)
at org.testng.TestRunner.privateRun(TestRunner.java:766)
at org.testng.TestRunner.run(TestRunner.java:587)
at org.testng.SuiteRunner.runTest(SuiteRunner.java:384)
at org.testng.SuiteRunner.runSequentially(SuiteRunner.java:378)
at org.testng.SuiteRunner.privateRun(SuiteRunner.java:337)
at org.testng.SuiteRunner.run(SuiteRunner.java:286)
at org.testng.SuiteRunnerWorker.runSuite(SuiteRunnerWorker.java:53)
at org.testng.SuiteRunnerWorker.run(SuiteRunnerWorker.java:96)
at org.testng.TestNG.runSuitesSequentially(TestNG.java:1187)
at org.testng.TestNG.runSuitesLocally(TestNG.java:1109)
at org.testng.TestNG.runSuites(TestNG.java:1039)
at org.testng.TestNG.run(TestNG.java:1007)
at org.testng.remote.AbstractRemoteTestNG.run(AbstractRemoteTestNG.java:115)
at org.testng.remote.RemoteTestNG.initAndRun(RemoteTestNG.java:251)
at org.testng.remote.RemoteTestNG.main(RemoteTestNG.java:77)
]]>
            </full-stacktrace>
          </exception> <!-- org.openqa.selenium.WebDriverException -->
          <reporter-output>
          </reporter-output>
        </test-method> <!-- setUp -->
        <test-method signature="orderProduct()[pri:0, instance:autotest.automate.webapp.influencer.testcases.ProductOrdering@7ea9e1e2]" started-at="2021-04-15T10:51:37 CEST" name="orderProduct" finished-at="2021-04-15T10:51:37 CEST" duration-ms="0" status="SKIP">
          <exception class="org.openqa.selenium.WebDriverException">
            <message>
              <![CDATA[unknown error: cannot find Chrome binary
Build info: version: '4.0.0-alpha-7', revision: 'de8579b6d5'
System info: host: 'MacBook-Pro-de-Ghislain.local', ip: '2a01:e0a:d2:c190:5067:1d62:300b:b910%en0', os.name: 'Mac OS X', os.arch: 'x86_64', os.version: '10.16', java.version: '15.0.2'
Driver info: driver.version: ChromeDriver
remote stacktrace: 0   chromedriver                        0x0000000100df4c29 chromedriver + 2464809
1   chromedriver                        0x000000010142f6f3 chromedriver + 8996595
2   chromedriver                        0x0000000100c39d56 chromedriver + 650582
3   chromedriver                        0x0000000100baf175 chromedriver + 82293
4   chromedriver                        0x0000000100bad430 chromedriver + 74800
5   chromedriver                        0x0000000100bdf326 chromedriver + 279334
6   chromedriver                        0x0000000100bdc3f3 chromedriver + 267251
7   chromedriver                        0x0000000100bb6230 chromedriver + 111152
8   chromedriver                        0x0000000100bb71a7 chromedriver + 115111
9   chromedriver                        0x0000000100dc7830 chromedriver + 2279472
10  chromedriver                        0x0000000100dd283a chromedriver + 2324538
11  chromedriver                        0x0000000100dd24a7 chromedriver + 2323623
12  chromedriver                        0x0000000100dae945 chromedriver + 2177349
13  chromedriver                        0x0000000100dd2d41 chromedriver + 2325825
14  chromedriver                        0x0000000100dbcbda chromedriver + 2235354
15  chromedriver                        0x0000000100de7c4a chromedriver + 2411594
16  chromedriver                        0x0000000100df9987 chromedriver + 2484615
17  libsystem_pthread.dylib             0x00007fff203f9950 _pthread_start + 224
18  libsystem_pthread.dylib             0x00007fff203f547b thread_start + 15
]]>
            </message>
            <full-stacktrace>
              <![CDATA[org.openqa.selenium.WebDriverException: unknown error: cannot find Chrome binary
Build info: version: '4.0.0-alpha-7', revision: 'de8579b6d5'
System info: host: 'MacBook-Pro-de-Ghislain.local', ip: '2a01:e0a:d2:c190:5067:1d62:300b:b910%en0', os.name: 'Mac OS X', os.arch: 'x86_64', os.version: '10.16', java.version: '15.0.2'
Driver info: driver.version: ChromeDriver
remote stacktrace: 0   chromedriver                        0x0000000100df4c29 chromedriver + 2464809
1   chromedriver                        0x000000010142f6f3 chromedriver + 8996595
2   chromedriver                        0x0000000100c39d56 chromedriver + 650582
3   chromedriver                        0x0000000100baf175 chromedriver + 82293
4   chromedriver                        0x0000000100bad430 chromedriver + 74800
5   chromedriver                        0x0000000100bdf326 chromedriver + 279334
6   chromedriver                        0x0000000100bdc3f3 chromedriver + 267251
7   chromedriver                        0x0000000100bb6230 chromedriver + 111152
8   chromedriver                        0x0000000100bb71a7 chromedriver + 115111
9   chromedriver                        0x0000000100dc7830 chromedriver + 2279472
10  chromedriver                        0x0000000100dd283a chromedriver + 2324538
11  chromedriver                        0x0000000100dd24a7 chromedriver + 2323623
12  chromedriver                        0x0000000100dae945 chromedriver + 2177349
13  chromedriver                        0x0000000100dd2d41 chromedriver + 2325825
14  chromedriver                        0x0000000100dbcbda chromedriver + 2235354
15  chromedriver                        0x0000000100de7c4a chromedriver + 2411594
16  chromedriver                        0x0000000100df9987 chromedriver + 2484615
17  libsystem_pthread.dylib             0x00007fff203f9950 _pthread_start + 224
18  libsystem_pthread.dylib             0x00007fff203f547b thread_start + 15

at java.base/jdk.internal.reflect.NativeConstructorAccessorImpl.newInstance0(Native Method)
at java.base/jdk.internal.reflect.NativeConstructorAccessorImpl.newInstance(NativeConstructorAccessorImpl.java:64)
at java.base/jdk.internal.reflect.DelegatingConstructorAccessorImpl.newInstance(DelegatingConstructorAccessorImpl.java:45)
at java.base/java.lang.reflect.Constructor.newInstanceWithCaller(Constructor.java:500)
at java.base/java.lang.reflect.Constructor.newInstance(Constructor.java:481)
at org.openqa.selenium.remote.W3CHandshakeResponse.lambda$errorHandler$0(W3CHandshakeResponse.java:62)
at org.openqa.selenium.remote.HandshakeResponse.lambda$getResponseFunction$0(HandshakeResponse.java:30)
at org.openqa.selenium.remote.ProtocolHandshake.lambda$createSession$1(ProtocolHandshake.java:126)
at java.base/java.util.stream.ReferencePipeline$3$1.accept(ReferencePipeline.java:195)
at java.base/java.util.Spliterators$ArraySpliterator.tryAdvance(Spliterators.java:958)
at java.base/java.util.stream.ReferencePipeline.forEachWithCancel(ReferencePipeline.java:127)
at java.base/java.util.stream.AbstractPipeline.copyIntoWithCancel(AbstractPipeline.java:502)
at java.base/java.util.stream.AbstractPipeline.copyInto(AbstractPipeline.java:488)
at java.base/java.util.stream.AbstractPipeline.wrapAndCopyInto(AbstractPipeline.java:474)
at java.base/java.util.stream.FindOps$FindOp.evaluateSequential(FindOps.java:150)
at java.base/java.util.stream.AbstractPipeline.evaluate(AbstractPipeline.java:234)
at java.base/java.util.stream.ReferencePipeline.findFirst(ReferencePipeline.java:543)
at org.openqa.selenium.remote.ProtocolHandshake.createSession(ProtocolHandshake.java:128)
at org.openqa.selenium.remote.ProtocolHandshake.createSession(ProtocolHandshake.java:75)
at org.openqa.selenium.remote.HttpCommandExecutor.execute(HttpCommandExecutor.java:139)
at org.openqa.selenium.remote.service.DriverCommandExecutor.execute(DriverCommandExecutor.java:123)
at org.openqa.selenium.remote.RemoteWebDriver.execute(RemoteWebDriver.java:501)
at org.openqa.selenium.remote.RemoteWebDriver.startSession(RemoteWebDriver.java:207)
at org.openqa.selenium.remote.RemoteWebDriver.<init>(RemoteWebDriver.java:127)
at org.openqa.selenium.chromium.ChromiumDriver.<init>(ChromiumDriver.java:93)
at org.openqa.selenium.chrome.ChromeDriver.<init>(ChromeDriver.java:163)
at org.openqa.selenium.chrome.ChromeDriver.<init>(ChromeDriver.java:150)
at org.openqa.selenium.chrome.ChromeDriver.<init>(ChromeDriver.java:105)
at autotest.automate.BaseTest.loadWebBrowser(BaseTest.java:130)
at autotest.automate.PomInfluencer.setUp(PomInfluencer.java:34)
at java.base/jdk.internal.reflect.NativeMethodAccessorImpl.invoke0(Native Method)
at java.base/jdk.internal.reflect.NativeMethodAccessorImpl.invoke(NativeMethodAccessorImpl.java:64)
at java.base/jdk.internal.reflect.DelegatingMethodAccessorImpl.invoke(DelegatingMethodAccessorImpl.java:43)
at java.base/java.lang.reflect.Method.invoke(Method.java:564)
at org.testng.internal.MethodInvocationHelper.invokeMethod(MethodInvocationHelper.java:134)
at org.testng.internal.MethodInvocationHelper.invokeMethodConsideringTimeout(MethodInvocationHelper.java:63)
at org.testng.internal.ConfigInvoker.invokeConfigurationMethod(ConfigInvoker.java:348)
at org.testng.internal.ConfigInvoker.invokeConfigurations(ConfigInvoker.java:302)
at org.testng.internal.TestInvoker.runConfigMethods(TestInvoker.java:695)
at org.testng.internal.TestInvoker.invokeMethod(TestInvoker.java:523)
at org.testng.internal.TestInvoker.invokeTestMethod(TestInvoker.java:173)
at org.testng.internal.MethodRunner.runInSequence(MethodRunner.java:46)
at org.testng.internal.TestInvoker$MethodInvocationAgent.invoke(TestInvoker.java:816)
at org.testng.internal.TestInvoker.invokeTestMethods(TestInvoker.java:146)
at org.testng.internal.TestMethodWorker.invokeTestMethods(TestMethodWorker.java:146)
at org.testng.internal.TestMethodWorker.run(TestMethodWorker.java:128)
at java.base/java.util.ArrayList.forEach(ArrayList.java:1511)
at org.testng.TestRunner.privateRun(TestRunner.java:766)
at org.testng.TestRunner.run(TestRunner.java:587)
at org.testng.SuiteRunner.runTest(SuiteRunner.java:384)
at org.testng.SuiteRunner.runSequentially(SuiteRunner.java:378)
at org.testng.SuiteRunner.privateRun(SuiteRunner.java:337)
at org.testng.SuiteRunner.run(SuiteRunner.java:286)
at org.testng.SuiteRunnerWorker.runSuite(SuiteRunnerWorker.java:53)
at org.testng.SuiteRunnerWorker.run(SuiteRunnerWorker.java:96)
at org.testng.TestNG.runSuitesSequentially(TestNG.java:1187)
at org.testng.TestNG.runSuitesLocally(TestNG.java:1109)
at org.testng.TestNG.runSuites(TestNG.java:1039)
at org.testng.TestNG.run(TestNG.java:1007)
at org.testng.remote.AbstractRemoteTestNG.run(AbstractRemoteTestNG.java:115)
at org.testng.remote.RemoteTestNG.initAndRun(RemoteTestNG.java:251)
at org.testng.remote.RemoteTestNG.main(RemoteTestNG.java:77)
]]>
            </full-stacktrace>
          </exception> <!-- org.openqa.selenium.WebDriverException -->
          <reporter-output>
          </reporter-output>
        </test-method> <!-- orderProduct -->
        <test-method is-config="true" signature="tearDown()[pri:0, instance:autotest.automate.webapp.influencer.testcases.ProductOrdering@7ea9e1e2]" started-at="2021-04-15T10:51:37 CEST" name="tearDown" finished-at="1970-01-01T01:00:00 CET" duration-ms="-1618476697660" status="SKIP">
          <reporter-output>
          </reporter-output>
        </test-method> <!-- tearDown -->
      </class> <!-- autotest.automate.webapp.influencer.testcases.ProductOrdering -->
    </test> <!-- Default test -->
  </suite> <!-- Default suite -->
</testng-results>
